<?xml version="1.0" encoding="UTF-8"?>
<!-- Generated by org.testng.reporters.JUnitReportReporter -->
<testsuite hostname="Nagaraju" failures="0" tests="1" name="com.valueSystems.OpenBrowser" time="4.451" errors="0" timestamp="2024-09-03T17:18:35 IST" skipped="0">
  <testcase classname="com.valueSystems.OpenBrowser" name="fblogin" time="4.451"/>
  <system-out/>
</testsuite> <!-- com.valueSystems.OpenBrowser -->
